Active-HDL 9.3.2744.sp1.09.4995  2016-04-08 22:18:26

Elaboration top modules:
Architecture                  a(pulsegen)


--------------------------------------------------------------------------------------------------
Entity   | Architecture | Library  | Info | Compiler Version                | Compilation Options
--------------------------------------------------------------------------------------------------
pulsegen | a            | tp5final |      | 9.3.2744.sp1.09.4995  (Windows) | -O3
--------------------------------------------------------------------------------------------------

--------------------------------------------------------------------------------------------------
VHDL Package            | Library  | Info | Compiler Version                | Compilation Options
--------------------------------------------------------------------------------------------------
standard                | std      |      |                                 | 
TEXTIO                  | std      |      | 9.3.2744.sp1.09.4995  (Windows) |  -2008
std_logic_1164          | ieee     |      | 9.3.2744.sp1.09.4995  (Windows) |  -2008
--------------------------------------------------------------------------------------------------

--------------------------------------------------------------------------------------------------
Library                 | Comment
--------------------------------------------------------------------------------------------------
ieee                    | Standard IEEE packages library
std                     | Standard VHDL library
tp5final                | None
--------------------------------------------------------------------------------------------------
